Starting Selenium Grid
[jenkins] $ /usr/lib/jvm/java-11-openjdk-amd64/bin/java -cp /var/cache/jenkins/war/WEB-INF/lib/remoting-3071.v7e9b_0dc08466.jar:/var/lib/jenkins/plugins/selenium/WEB-INF/lib/selenium-server-standalone-3.141.59.jar:/var/lib/jenkins/plugins/selenium/WEB-INF/lib/htmlunit-driver-standalone-2.33.3.jar hudson.remoting.Launcher -connectTo localhost:41605
Starting Selenium Grid
channel started
Nov 16, 2022 7:55:35 AM hudson.plugins.selenium.HubLauncher call
OFF: Grid hub starting with log level INFO
Nov 16, 2022 7:55:36 AM hudson.plugins.selenium.HubLauncher call
OFF: Grid Hub preparing to start on port 4444
2022-11-16 07:55:37.859:INFO::pool-1-thread-1 for channel id=0: Logging initialized @13488ms to org.seleniumhq.jetty9.util.log.StdErrLog
2022-11-16 07:55:38.425:INFO:osjs.Server:pool-1-thread-1 for channel id=0: jetty-9.4.z-SNAPSHOT; built: 2018-08-30T13:59:14.071Z; git: 27208684755d94a92186989f695db2d7b21ebc51; jvm 11.0.17+8-post-Ubuntu-1ubuntu220.04
2022-11-16 07:55:38.598:INFO:osjs.session:pool-1-thread-1 for channel id=0: DefaultSessionIdManager workerName=node0
2022-11-16 07:55:38.609:INFO:osjs.session:pool-1-thread-1 for channel id=0: No SessionScavenger set, using defaults
2022-11-16 07:55:38.630:INFO:osjs.session:pool-1-thread-1 for channel id=0: node0 Scavenging every 660000ms
2022-11-16 07:55:38.680:INFO:osjsh.ContextHandler:pool-1-thread-1 for channel id=0: Started o.s.j.s.ServletContextHandler@618893fe{/,null,AVAILABLE}
Nov 16, 2022 7:55:38 AM org.openqa.grid.internal.DefaultGridRegistry assignRequestToProxy
INFO: Shutting down registry.
2022-11-16 07:55:38.722:INFO:osjs.AbstractConnector:pool-1-thread-1 for channel id=0: Stopped ServerConnector@498f3d34{HTTP/1.1,[http/1.1]}{54.238.111.127:4444}
2022-11-16 07:55:38.731:INFO:osjs.session:pool-1-thread-1 for channel id=0: node0 Stopped scavenging
2022-11-16 07:55:38.733:INFO:osjsh.ContextHandler:pool-1-thread-1 for channel id=0: Stopped o.s.j.s.ServletContextHandler@618893fe{/,null,UNAVAILABLE}
Nov 16, 2022 7:55:38 AM org.openqa.grid.web.Hub start
SEVERE: Port 4444 is busy, please choose a free port for the hub and specify it using -port option
Nov 16, 2022 7:55:38 AM hudson.plugins.selenium.HubLauncher call
OFF: Grid Hub started on port 4444 with args: -maxSession 5 -timeout 300 -browserTimeout 0 -host 54.238.111.127
