Started at Wed Nov 16 08:20:10 UTC 2022
Processing Build
Offering Build to Project Build Discarder
Processing Build_J
Offering Build_J to Project Build Discarder
Processing c-agent-job
Offering c-agent-job to Project Build Discarder
Processing Deploy
Offering Deploy to Project Build Discarder
Processing Deploy_J
Offering Deploy_J to Project Build Discarder
Processing disk
Offering disk to Project Build Discarder
Processing Java-Project
Offering Java-Project to Project Build Discarder
Processing Project-C
Offering Project-C to Project Build Discarder
Processing Test
Offering Test to Project Build Discarder
Processing Test_J
Offering Test_J to Project Build Discarder
Finished at Wed Nov 16 08:20:10 UTC 2022. 7ms
